app/build/outputs/logs/manifest-merger-wandoujia-debug-report.txt
-- Merging decision tree log ---
manifest
ADDED from src\main\AndroidManifest.xml:2:1-669:12
	package
		ADDED from src\main\AndroidManifest.xml:4:5-28
		INJECTED from src\main\AndroidManifest.xml
		INJECTED from src\main\AndroidManifest.xml
	android:versionName
		INJECTED from src\main\AndroidManifest.xml
		INJECTED from src\main\AndroidManifest.xml
	xmlns:tools
		ADDED from src\main\AndroidManifest.xml:3:5-51
	xmlns:android
		ADDED from src\main\AndroidManifest.xml:2:11-69
	android:versionCode
		INJECTED from src\main\AndroidManifest.xml
		INJECTED from src\main\AndroidManifest.xml
meta-data#android.max_aspect
ADDED from src\main\AndroidManifest.xml:6:5-8:39
	android:value
		ADDED from src\main\AndroidManifest.xml:8:9-36
	android:name
		ADDED from src\main\AndroidManifest.xml:7:9-42
uses-permission#android.permission.GET_TASKS
ADDED from src\main\AndroidManifest.xml:11:5-68
MERGED from [:IMLibrary_dev_20171118_v4.1.1.3:] AndroidManifest.xml:36:5-68
MERGED from [:JMeetingSDK_1.0.0.31:] AndroidManifest.xml:24:5-68
MERGED from [com.aliyun.ams:alicloud-android-push:3.0.12] AndroidManifest.xml:20:5-68
MERGED from [:impushlib-release:] AndroidManifest.xml:26:5-68
	android:name
		ADDED from src\main\AndroidManifest.xml:11:22-65
uses-permission#android.permission.INTERNET
ADDED from src\main\AndroidManifest.xml:12:5-67
MERGED from [:IMLibrary_dev_20171118_v4.1.1.3:] AndroidManifest.xml:20:5-67
MERGED from [cn.jiguang.sdk:jpush:3.0.9] AndroidManifest.xml:18:5-67
MERGED from [com.meizu.flyme.internet:push-internal:3.4.2] AndroidManifest.xml:12:5-67
MERGED from [com.aliyun.ams:alicloud-android-push:3.0.12] AndroidManifest.xml:13:5-67
MERGED from [:impushlib-release:] AndroidManifest.xml:12:5-67
	android:name
		ADDED from src\main\AndroidManifest.xml:12:22-64
uses-permission#android.permission.ACCESS_WIFI_STATE
ADDED from src\main\AndroidManifest.xml:13:5-76
MERGED from [:IMLibrary_dev_20171118_v4.1.1.3:] AndroidManifest.xml:25:5-76
MERGED from [cn.jiguang.sdk:jpush:3.0.9] AndroidManifest.xml:27:5-76
MERGED from [com.meizu.flyme.internet:push-internal:3.4.2] AndroidManifest.xml:17:5-76
MERGED from [com.aliyun.ams:alicloud-android-push:3.0.12] AndroidManifest.xml:15:5-76
MERGED from [:impushlib-release:] AndroidManifest.xml:14:5-76
	android:name
		ADDED from src\main\AndroidManifest.xml:13:22-73
uses-permission#android.permission.ACCESS_NETWORK_STATE
ADDED from src\main\AndroidManifest.xml:14:5-79
MERGED from [:IMLibrary_dev_20171118_v4.1.1.3:] AndroidManifest.xml:24:5-79
MERGED from [cn.jiguang.sdk:jpush:3.0.9] AndroidManifest.xml:26:5-79
MERGED from [com.meizu.flyme.internet:push-internal:3.4.2] AndroidManifest.xml:14:5-79
MERGED from [com.aliyun.ams:alicloud-android-push:3.0.12] AndroidManifest.xml:14:5-79
MERGED from [:impushlib-release:] AndroidManifest.xml:13:5-79
	android:name
		ADDED from src\main\AndroidManifest.xml:14:22-76
uses-permission#android.permission.CHANGE_WIFI_STATE
ADDED from src\main\AndroidManifest.xml:15:5-76
MERGED from [:IMLibrary_dev_20171118_v4.1.1.3:] AndroidManifest.xml:28:5-76
MERGED from [cn.jiguang.sdk:jpush:3.0.9] AndroidManifest.xml:32:5-76
	android:name
		ADDED from src\main\AndroidManifest.xml:15:22-73
uses-permission#android.permission.WRITE_EXTERNAL_STORAGE
ADDED from src\main\AndroidManifest.xml:16:5-81
MERGED from [:IMLibrary_dev_20171118_v4.1.1.3:] AndroidManifest.xml:33:5-81
MERGED from [:JMeetingSDK_1.0.0.31:] AndroidManifest.xml:31:5-81
MERGED from [cn.jiguang.sdk:jpush:3.0.9] AndroidManifest.xml:21:5-81
MERGED from [com.meizu.flyme.internet:push-internal:3.4.2] AndroidManifest.xml:16:5-81
MERGED from [com.aliyun.ams:alicloud-android-push:3.0.12] AndroidManifest.xml:16:5-81
MERGED from [com.aliyun.ams:alicloud-android-push:3.0.12] AndroidManifest.xml:26:5-81
MERGED from [:impushlib-release:] AndroidManifest.xml:16:5-81
	android:name
		ADDED from src\main\AndroidManifest.xml:16:22-78
uses-permission#android.permission.READ_PHONE_STATE
ADDED from src\main\AndroidManifest.xml:17:5-75
MERGED from [:IMLibrary_dev_20171118_v4.1.1.3:] AndroidManifest.xml:26:5-75
MERGED from [:JMeetingSDK_1.0.0.31:] AndroidManifest.xml:25:5-75
MERGED from [cn.jiguang.sdk:jpush:3.0.9] AndroidManifest.xml:20:5-75
MERGED from [com.meizu.flyme.internet:push-internal:3.4.2] AndroidManifest.xml:13:5-75
MERGED from [com.aliyun.ams:alicloud-android-push:3.0.12] AndroidManifest.xml:18:5-75
MERGED from [:impushlib-release:] AndroidManifest.xml:20:5-75
	android:name
		ADDED from src\main\AndroidManifest.xml:17:22-72
uses-permission#android.permission.MANAGE_ACCOUNTS
ADDED from src\main\AndroidManifest.xml:18:5-74
	android:name
		ADDED from src\main\AndroidManifest.xml:18:22-71
uses-permission#android.permission.GET_ACCOUNTS
ADDED from src\main\AndroidManifest.xml:19:5-71
MERGED from [:IMLibrary_dev_20171118_v4.1.1.3:] AndroidManifest.xml:35:5-71
MERGED from [com.aliyun.ams:alicloud-android-push:3.0.12] AndroidManifest.xml:21:5-71
MERGED from [:impushlib-release:] AndroidManifest.xml:28:5-71
	android:name
		ADDED from src\main\AndroidManifest.xml:19:22-68
uses-permission#android.permission.NFC
ADDED from src\main\AndroidManifest.xml:21:5-62
	android:name
		ADDED from src\main\AndroidManifest.xml:21:22-59
uses-permission#android.permission.BLUETOOTH
ADDED from src\main\AndroidManifest.xml:24:5-68
MERGED from [:JMeetingSDK_1.0.0.31:] AndroidManifest.xml:32:5-68
	android:name
		ADDED from src\main\AndroidManifest.xml:24:22-65
uses-permission#android.permission.BLUETOOTH_ADMIN
ADDED from src\main\AndroidManifest.xml:25:5-74
MERGED from [:JMeetingSDK_1.0.0.31:] AndroidManifest.xml:33:5-74
	android:name
		ADDED from src\main\AndroidManifest.xml:25:22-71
uses-permission#android.permission.CAMERA
ADDED from src\main\AndroidManifest.xml:30:5-65
MERGED from [:IMLibrary_dev_20171118_v4.1.1.3:] AndroidManifest.xml:13:5-65
MERGED from [:JMeetingSDK_1.0.0.31:] AndroidManifest.xml:11:5-65
	android:name
		ADDED from src\main\AndroidManifest.xml:30:22-62
uses-permission#android.permission.SYSTEM_ALERT_WINDOW
ADDED from src\main\AndroidManifest.xml:31:5-78
MERGED from [:JMeetingSDK_1.0.0.31:] AndroidManifest.xml:12:5-78
MERGED from [cn.jiguang.sdk:jpush:3.0.9] AndroidManifest.xml:30:5-78
	android:name
		ADDED from src\main\AndroidManifest.xml:31:22-75
uses-permission#android.permission.MOUNT_UNMOUNT_FILESYSTEMS
ADDED from src\main\AndroidManifest.xml:32:5-84
MERGED from [:IMLibrary_dev_20171118_v4.1.1.3:] AndroidManifest.xml:22:5-84
MERGED from [:JMeetingSDK_1.0.0.31:] AndroidManifest.xml:13:5-84
MERGED from [cn.jiguang.sdk:jpush:3.0.9] AndroidManifest.xml:25:5-84
MERGED from [com.aliyun.ams:alicloud-android-push:3.0.12] AndroidManifest.xml:27:5-84
MERGED from [:impushlib-release:] AndroidManifest.xml:36:5-84
	android:name
		ADDED from src\main\AndroidManifest.xml:32:22-81
uses-permission#android.permission.RECORD_AUDIO
ADDED from src\main\AndroidManifest.xml:33:5-71
MERGED from [:IMLibrary_dev_20171118_v4.1.1.3:] AndroidManifest.xml:18:5-71
MERGED from [:JMeetingSDK_1.0.0.31:] AndroidManifest.xml:14:5-71
	android:name
		ADDED from src\main\AndroidManifest.xml:33:22-68
uses-permission#android.permission.READ_EXTERNAL_STORAGE
ADDED from src\main\AndroidManifest.xml:34:5-80
MERGED from [:IMLibrary_dev_20171118_v4.1.1.3:] AndroidManifest.xml:30:5-80
MERGED from [:JMeetingSDK_1.0.0.31:] AndroidManifest.xml:15:5-80
MERGED from [cn.jiguang.sdk:jpush:3.0.9] AndroidManifest.xml:22:5-80
MERGED from [com.meizu.flyme.internet:push-internal:3.4.2] AndroidManifest.xml:15:5-80
MERGED from [com.aliyun.ams:alicloud-android-push:3.0.12] AndroidManifest.xml:25:5-80
MERGED from [:impushlib-release:] AndroidManifest.xml:35:5-80
	android:name
		ADDED from src\main\AndroidManifest.xml:34:22-77
uses-permission#android.permission.READ_SETTINGS
ADDED from src\main\AndroidManifest.xml:35:5-72
MERGED from [:JMeetingSDK_1.0.0.31:] AndroidManifest.xml:16:5-72
	android:name
		ADDED from src\main\AndroidManifest.xml:35:22-69
uses-permission#android.permission.WRITE_SETTINGS
ADDED from src\main\AndroidManifest.xml:36:5-73
MERGED from [:JMeetingSDK_1.0.0.31:] AndroidManifest.xml:17:5-73
MERGED from [cn.jiguang.sdk:jpush:3.0.9] AndroidManifest.xml:23:5-73
MERGED from [com.aliyun.ams:alicloud-android-push:3.0.12] AndroidManifest.xml:12:5-73
MERGED from [:impushlib-release:] AndroidManifest.xml:10:5-73
	android:name
		ADDED from src\main\AndroidManifest.xml:36:22-70
uses-permission#android.permission.USE_CREDENTIALS
ADDED from src\main\AndroidManifest.xml:38:5-74
MERGED from [:JMeetingSDK_1.0.0.31:] AndroidManifest.xml:18:5-74
	android:name
		ADDED from src\main\AndroidManifest.xml:38:22-71
uses-permission#android.permission.AUTHENTICATE_ACCOUNTS
ADDED from src\main\AndroidManifest.xml:39:5-80
MERGED from [:JMeetingSDK_1.0.0.31:] AndroidManifest.xml:19:5-80
	android:name
		ADDED from src\main\AndroidManifest.xml:39:22-77
uses-permission#android.permission.RECEIVE_BOOT_COMPLETED
ADDED from src\main\AndroidManifest.xml:40:5-81
MERGED from [:IMLibrary_dev_20171118_v4.1.1.3:] AndroidManifest.xml:42:5-81
MERGED from [:JMeetingSDK_1.0.0.31:] AndroidManifest.xml:20:5-81
MERGED from [com.aliyun.ams:alicloud-android-push:3.0.12] AndroidManifest.xml:22:5-81
MERGED from [:impushlib-release:] AndroidManifest.xml:30:5-81
	android:name
		ADDED from src\main\AndroidManifest.xml:40:22-78
uses-permission#android.permission.WAKE_LOCK
ADDED from src\main\AndroidManifest.xml:41:5-68
MERGED from [:IMLibrary_dev_20171118_v4.1.1.3:] AndroidManifest.xml:38:5-68
MERGED from [:JMeetingSDK_1.0.0.31:] AndroidManifest.xml:21:5-68
MERGED from [cn.jiguang.sdk:jpush:3.0.9] AndroidManifest.xml:19:5-68
MERGED from [com.aliyun.ams:alicloud-android-push:3.0.12] AndroidManifest.xml:17:5-68
MERGED from [:impushlib-release:] AndroidManifest.xml:18:5-68
	android:name
		ADDED from src\main\AndroidManifest.xml:41:22-65
uses-permission#android.permission.READ_CONTACTS
ADDED from src\main\AndroidManifest.xml:42:5-72
MERGED from [:IMLibrary_dev_20171118_v4.1.1.3:] AndroidManifest.xml:31:5-72
MERGED from [:JMeetingSDK_1.0.0.31:] AndroidManifest.xml:22:5-72
	android:name
		ADDED from src\main\AndroidManifest.xml:42:22-69
uses-permission#android.permission.WRITE_CONTACTS
ADDED from src\main\AndroidManifest.xml:43:5-73
MERGED from [:IMLibrary_dev_20171118_v4.1.1.3:] AndroidManifest.xml:32:5-73
MERGED from [:IMLibrary_dev_20171118_v4.1.1.3:] AndroidManifest.xml:34:5-73
MERGED from [:JMeetingSDK_1.0.0.31:] AndroidManifest.xml:23:5-73
	android:name
		ADDED from src\main\AndroidManifest.xml:43:22-70
uses-permission#android.permission.PROCESS_OUTGOING_CALLS
ADDED from src\main\AndroidManifest.xml:49:5-81
MERGED from [:IMLibrary_dev_20171118_v4.1.1.3:] AndroidManifest.xml:29:5-81
MERGED from [:JMeetingSDK_1.0.0.31:] AndroidManifest.xml:26:5-81
	android:name
		ADDED from src\main\AndroidManifest.xml:49:22-78
uses-permission#android.permission.CHANGE_NETWORK_STATE
ADDED from src\main\AndroidManifest.xml:50:5-79
MERGED from [:JMeetingSDK_1.0.0.31:] AndroidManifest.xml:27:5-79
MERGED from [cn.jiguang.sdk:jpush:3.0.9] AndroidManifest.xml:35:5-79
	android:name
		ADDED from src\main\AndroidManifest.xml:50:22-76
uses-permission#android.permission.ACCESS_FINE_LOCATION
ADDED from src\main\AndroidManifest.xml:51:5-79
MERGED from [:JMeetingSDK_1.0.0.31:] AndroidManifest.xml:28:5-79
MERGED from [cn.jiguang.sdk:jpush:3.0.9] AndroidManifest.xml:33:5-79
	android:name
		ADDED from src\main\AndroidManifest.xml:51:22-76
uses-permission#android.permission.MODIFY_AUDIO_SETTINGS
ADDED from src\main\AndroidManifest.xml:52:5-80
MERGED from [:IMLibrary_dev_20171118_v4.1.1.3:] AndroidManifest.xml:19:5-80
MERGED from [:JMeetingSDK_1.0.0.31:] AndroidManifest.xml:29:5-80
	android:name
		ADDED from src\main\AndroidManifest.xml:52:22-77
uses-permission#android.permission.CALL_PHONE
ADDED from src\main\AndroidManifest.xml:53:5-69
MERGED from [:JMeetingSDK_1.0.0.31:] AndroidManifest.xml:30:5-69
	android:name
		ADDED from src\main\AndroidManifest.xml:53:22-66
uses-permission#android.permission.VIBRATE
ADDED from src\main\AndroidManifest.xml:59:5-66
MERGED from [:IMLibrary_dev_20171118_v4.1.1.3:] AndroidManifest.xml:40:5-66
MERGED from [cn.jiguang.sdk:jpush:3.0.9] AndroidManifest.xml:24:5-66
MERGED from [com.aliyun.ams:alicloud-android-push:3.0.12] AndroidManifest.xml:23:5-66
MERGED from [:impushlib-release:] AndroidManifest.xml:32:5-66
	android:name
		ADDED from src\main\AndroidManifest.xml:59:22-63
uses-permission#android.permission.READ_LOGS
ADDED from src\main\AndroidManifest.xml:60:5-68
	android:name
		ADDED from src\main\AndroidManifest.xml:60:22-65
uses-permission#android.permission.ACCESS_COARSE_LOCATION
ADDED from src\main\AndroidManifest.xml:64:5-81
MERGED from [cn.jiguang.sdk:jpush:3.0.9] AndroidManifest.xml:31:5-81
MERGED from [com.meizu.flyme.internet:push-internal:3.4.2] AndroidManifest.xml:11:5-81
	android:name
		ADDED from src\main\AndroidManifest.xml:64:22-78
uses-permission#android.permission.READ_SMS
ADDED from src\main\AndroidManifest.xml:65:5-67
	android:name
		ADDED from src\main\AndroidManifest.xml:65:22-64
uses-permission-sdk-23
ADDED from src\main\AndroidManifest.xml:67:5-82
	android:name
		ADDED from src\main\AndroidManifest.xml:67:29-79
application
ADDED from src\main\AndroidManifest.xml:70:5-667:19
MERGED from [com.android.support:cardview-v7:25.3.1] AndroidManifest.xml:26:5-20
MERGED from [com.android.support:design:25.1.0] AndroidManifest.xml:25:5-20
MERGED from [com.android.support:transition:25.1.0] AndroidManifest.xml:22:5-20
MERGED from [:IMLibrary_dev_20171118_v4.1.1.3:] AndroidManifest.xml:44:5-55:19
MERGED from [:JMeetingSDK_1.0.0.31:] AndroidManifest.xml:35:5-80:19
MERGED from [:xrecyclerview-release:] AndroidManifest.xml:11:5-20
MERGED from [:SmartRefreshLayout-1.0.3:] AndroidManifest.xml:11:5-14:19
MERGED from [:pingpp-core-2.1.14:] AndroidManifest.xml:11:5-18:19
MERGED from [:zxing-library-2.2:] AndroidManifest.xml:11:5-18:19
MERGED from [com.xingliuhua:xlhratingbar_lib:1.0.1] AndroidManifest.xml:11:5-15:19
MERGED from [com.huawei.android.hms:base:2.5.2.300] AndroidManifest.xml:9:5-21:19
MERGED from [cn.jiguang.sdk:jpush:3.0.9] AndroidManifest.xml:37:5-126:19
MERGED from [cn.jiguang.sdk:jcore:1.1.7] AndroidManifest.xml:11:5-12:19
MERGED from [com.meizu.flyme.internet:push-internal:3.4.2] AndroidManifest.xml:19:5-33:19
MERGED from [com.aliyun.ams:alicloud-android-push:3.0.12] AndroidManifest.xml:29:5-173:19
MERGED from [:impushlib-release:] AndroidManifest.xml:44:5-353:19
MERGED from [com.lovedise:permissiongen:0.0.6] AndroidManifest.xml:11:5-15:19
MERGED from [com.android.support:appcompat-v7:25.1.0] AndroidManifest.xml:25:5-20
MERGED from [com.android.support:support-v4:25.1.0] AndroidManifest.xml:25:5-20
MERGED from [com.android.support:support-fragment:25.1.0] AndroidManifest.xml:25:5-20
MERGED from [com.android.support:support-media-compat:25.1.0] AndroidManifest.xml:25:5-20
MERGED from [com.android.support:support-core-ui:25.3.1] AndroidManifest.xml:29:5-20
MERGED from [com.android.support:support-core-utils:25.1.0] AndroidManifest.xml:25:5-20
MERGED from [com.android.support:animated-vector-drawable:25.1.0] AndroidManifest.xml:22:5-20
MERGED from [com.android.support:support-vector-drawable:25.1.0] AndroidManifest.xml:23:5-20
MERGED from [com.android.support:support-compat:25.3.1] AndroidManifest.xml:29:5-20
	android:label
		ADDED from src\main\AndroidManifest.xml:74:9-41
	android:supportsRtl
		ADDED from src\main\AndroidManifest.xml:76:9-35
	android:resizeableActivity
		ADDED from src\main\AndroidManifest.xml:75:9-42
	android:allowBackup
		ADDED from src\main\AndroidManifest.xml:72:9-35
	android:icon
		ADDED from src\main\AndroidManifest.xml:73:9-43
		REJECTED from [:JMeetingSDK_1.0.0.31:] AndroidManifest.xml:37:9-45
	android:theme
		ADDED from src\main\AndroidManifest.xml:77:9-65
		REJECTED from [:JMeetingSDK_1.0.0.31:] AndroidManifest.xml:39:9-40
	tools:replace
		ADDED from src\main\AndroidManifest.xml:78:9-44
	android:name
		ADDED from src\main\AndroidManifest.xml:71:9-43
activity#cn.redcdn.hvs.HomeActivity
ADDED from src\main\AndroidManifest.xml:79:9-83:55
	android:screenOrientation
		ADDED from src\main\AndroidManifest.xml:82:13-49
	android:launchMode
		ADDED from src\main\AndroidManifest.xml:81:13-44
	android:windowSoftInputMode
		ADDED from src\main\AndroidManifest.xml:83:13-52
	android:name
		ADDED from src\main\AndroidManifest.xml:80:13-41
activity#cn.redcdn.hvs.boot.SplashActivity
ADDED from src\main\AndroidManifest.xml:84:9-102:20
	android:screenOrientation
		ADDED from src\main\AndroidManifest.xml:86:13-49
	android:theme
		ADDED from src\main\AndroidManifest.xml:87:13-54
	android:name
		ADDED from src\main\AndroidManifest.xml:85:13-48
intent-filter#android.intent.action.MAIN+android.intent.category.LAUNCHER
ADDED from src\main\AndroidManifest.xml:88:13-92:29
action#android.intent.action.MAIN
ADDED from src\main\AndroidManifest.xml:89:17-69
	android:name
		ADDED from src\main\AndroidManifest.xml:89:25-66
category#android.intent.category.LAUNCHER
ADDED from src\main\AndroidManifest.xml:91:17-77
	android:name
		ADDED from src\main\AndroidManifest.xml:91:27-74
intent-filter#android.intent.action.VIEW+android.intent.category.BROWSABLE+android.intent.category.DEFAULT
ADDED from src\main\AndroidManifest.xml:94:13-101:29
action#android.intent.action.VIEW
ADDED from src\main\AndroidManifest.xml:95:17-69
	android:name
		ADDED from src\main\AndroidManifest.xml:95:25-66
category#android.intent.category.DEFAULT
ADDED from src\main\AndroidManifest.xml:97:17-76
	android:name
		ADDED from src\main\AndroidManifest.xml:97:27-73
category#android.intent.category.BROWSABLE
ADDED from src\main\AndroidManifest.xml:98:17-78
	android:name
		ADDED from src\main\AndroidManifest.xml:98:27-75
data
ADDED from src\main\AndroidManifest.xml:100:17-56
	android:scheme
		ADDED from src\main\AndroidManifest.xml:100:23-53
activity#cn.redcdn.hvs.util.ScannerActivity
ADDED from src\main\AndroidManifest.xml:103:9-105:52
	android:screenOrientation
		ADDED from src\main\AndroidManifest.xml:105:13-49
	android:name
		ADDED from src\main\AndroidManifest.xml:104:13-49
activity#cn.redcdn.hvs.accountoperate.activity.LoginActivity
ADDED from src\main\AndroidManifest.xml:106:9-109:52
	android:screenOrientation
		ADDED from src\main\AndroidManifest.xml:109:13-49
	android:excludeFromRecents
		ADDED from src\main\AndroidManifest.xml:108:13-46
	android:name
		ADDED from src\main\AndroidManifest.xml:107:13-66
activity#cn.redcdn.hvs.profiles.activity.MyFileCardActivity
ADDED from src\main\AndroidManifest.xml:110:9-112:52
	android:screenOrientation
		ADDED from src\main\AndroidManifest.xml:112:13-49
	android:name
		ADDED from src\main\AndroidManifest.xml:111:13-65
activity#cn.redcdn.hvs.profiles.activity.AboutActivity
ADDED from src\main\AndroidManifest.xml:113:9-115:52
	android:screenOrientation
		ADDED from src\main\AndroidManifest.xml:115:13-49
	android:name
		ADDED from src\main\AndroidManifest.xml:114:13-60
activity#cn.redcdn.hvs.profiles.activity.SettingActivity
ADDED from src\main\AndroidManifest.xml:116:9-118:52
	android:screenOrientation
		ADDED from src\main\AndroidManifest.xml:118:13-49
	android:name
		ADDED from src\main\AndroidManifest.xml:117:13-62
activity#cn.redcdn.hvs.profiles.activity.VoiceDetectActivity
ADDED from src\main\AndroidManifest.xml:119:9-121:52
	android:screenOrientation
		ADDED from src\main\AndroidManifest.xml:121:13-49
	android:name
		ADDED from src\main\AndroidManifest.xml:120:13-66
activity#cn.redcdn.hvs.profiles.activity.SettingResolutionActivity
ADDED from src\main\AndroidManifest.xml:122:9-124:52
	android:screenOrientation
		ADDED from src\main\AndroidManifest.xml:124:13-49
	android:name
		ADDED from src\main\AndroidManifest.xml:123:13-72
activity#cn.redcdn.hvs.profiles.activity.ChangeMeetingNameActivity
ADDED from src\main\AndroidManifest.xml:125:9-127:52
	android:screenOrientation
		ADDED from src\main\AndroidManifest.xml:127:13-49
	android:name
		ADDED from src\main\AndroidManifest.xml:126:13-72
activity#cn.redcdn.hvs.profiles.activity.PersonDataActivity
ADDED from src\main\AndroidManifest.xml:128:9-130:52
	android:screenOrientation
		ADDED from src\main\AndroidManifest.xml:130:13-49
	android:name
		ADDED from src\main\AndroidManifest.xml:129:13-65
activity#cn.redcdn.hvs.profiles.activity.ChangePwdActivity
ADDED from src\main\AndroidManifest.xml:131:9-133:52
	android:screenOrientation
		ADDED from src\main\AndroidManifest.xml:133:13-49
	android:name
		ADDED from src\main\AndroidManifest.xml:132:13-64
activity#cn.redcdn.hvs.profiles.activity.CollectionActivity
ADDED from src\main\AndroidManifest.xml:134:9-136:52
	android:screenOrientation
		ADDED from src\main\AndroidManifest.xml:136:13-49
	android:name
		ADDED from src\main\AndroidManifest.xml:135:13-65
activity#cn.redcdn.hvs.profiles.activity.CollectionWordActivity
ADDED from src\main\AndroidManifest.xml:137:9-139:52
	android:screenOrientation
		ADDED from src\main\AndroidManifest.xml:139:13-49
	android:name
		ADDED from src\main\AndroidManifest.xml:138:13-69
activity#cn.redcdn.hvs.profiles.activity.CollectionImageActivity
ADDED from src\main\AndroidManifest.xml:140:9-142:52
	android:screenOrientation
		ADDED from src\main\AndroidManifest.xml:142:13-49
	android:name
		ADDED from src\main\AndroidManifest.xml:141:13-70
activity#cn.redcdn.hvs.profiles.activity.CollectionVedioActivity
ADDED from src\main\AndroidManifest.xml:143:9-146:52
	android:screenOrientation
		ADDED from src\main\AndroidManifest.xml:146:13-49
	android:configChanges
		ADDED from src\main\AndroidManifest.xml:145:13-74
	android:name
		ADDED from src\main\AndroidManifest.xml:144:13-70
activity#cn.redcdn.hvs.profiles.activity.BigVideoActivity
ADDED from src\main\AndroidManifest.xml:147:9-150:47
	android:launchMode
		ADDED from src\main\AndroidManifest.xml:150:13-44
	android:configChanges
		ADDED from src\main\AndroidManifest.xml:149:13-74
	android:name
		ADDED from src\main\AndroidManifest.xml:148:13-63
activity#cn.redcdn.hvs.profiles.activity.CollectionAudioActivity
ADDED from src\main\AndroidManifest.xml:151:9-153:52
	android:screenOrientation
		ADDED from src\main\AndroidManifest.xml:153:13-49
	android:name
		ADDED from src\main\AndroidManifest.xml:152:13-70
activity#cn.redcdn.hvs.profiles.activity.MyMaActivity
ADDED from src\main\AndroidManifest.xml:154:9-156:52
	android:screenOrientation
		ADDED from src\main\AndroidManifest.xml:156:13-49
	android:name
		ADDED from src\main\AndroidManifest.xml:155:13-59
activity#cn.redcdn.hvs.im.activity.GroupAddActivity
ADDED from src\main\AndroidManifest.xml:157:9-159:52
	android:screenOrientation
		ADDED from src\main\AndroidManifest.xml:159:13-49
	android:name
		ADDED from src\main\AndroidManifest.xml:158:13-57
activity#cn.redcdn.hvs.profiles.activity.CertificationActivity
ADDED from src\main\AndroidManifest.xml:160:9-162:52
	android:screenOrientation
		ADDED from src\main\AndroidManifest.xml:162:13-49
	android:name
		ADDED from src\main\AndroidManifest.xml:161:13-68
activity#cn.redcdn.hvs.profiles.activity.OutDateActivity
ADDED from src\main\AndroidManifest.xml:163:9-165:52
	android:screenOrientation
		ADDED from src\main\AndroidManifest.xml:165:13-49
	android:name
		ADDED from src\main\AndroidManifest.xml:164:13-62
provider#android.support.v4.content.FileProvider
ADDED from src\main\AndroidManifest.xml:167:9-175:20
	android:authorities
		ADDED from src\main\AndroidManifest.xml:169:13-65
	android:grantUriPermissions
		ADDED from src\main\AndroidManifest.xml:171:13-47
	android:exported
		ADDED from src\main\AndroidManifest.xml:170:13-37
	android:name
		ADDED from src\main\AndroidManifest.xml:168:13-67
meta-data#android.support.FILE_PROVIDER_PATHS
ADDED from src\main\AndroidManifest.xml:172:13-174:54
	android:resource
		ADDED from src\main\AndroidManifest.xml:174:17-51
	android:name
		ADDED from src\main\AndroidManifest.xml:173:17-67
activity#cn.redcdn.hvs.im.activity.ChatActivity
ADDED from src\main\AndroidManifest.xml:177:9-179:52
	android:screenOrientation
		ADDED from src\main\AndroidManifest.xml:179:13-49
	android:name
		ADDED from src\main\AndroidManifest.xml:178:13-53
activity#cn.redcdn.hvs.im.activity.ModifyActivity
ADDED from src\main\AndroidManifest.xml:180:9-182:52
	android:screenOrientation
		ADDED from src\main\AndroidManifest.xml:182:13-49
	android:name
		ADDED from src\main\AndroidManifest.xml:181:13-55
activity#cn.redcdn.hvs.im.activity.GroupQRCodeActivity
ADDED from src\main\AndroidManifest.xml:183:9-185:52
	android:screenOrientation
		ADDED from src\main\AndroidManifest.xml:185:13-49
	android:name
		ADDED from src\main\AndroidManifest.xml:184:13-60
activity#cn.redcdn.hvs.im.activity.GroupAnnouncementActivity
ADDED from src\main\AndroidManifest.xml:186:9-188:52
	android:screenOrientation
		ADDED from src\main\AndroidManifest.xml:188:13-49
	android:name
		ADDED from src\main\AndroidManifest.xml:187:13-66
activity#cn.redcdn.hvs.officialaccounts.activity.ArticleDelateActivity
ADDED from src\main\AndroidManifest.xml:189:9-191:52
	android:screenOrientation
		ADDED from src\main\AndroidManifest.xml:191:13-49
	android:name
		ADDED from src\main\AndroidManifest.xml:190:13-76
activity#cn.redcdn.hvs.im.activity.GroupAnnouncementEditActivity
ADDED from src\main\AndroidManifest.xml:192:9-195:71
	android:screenOrientation
		ADDED from src\main\AndroidManifest.xml:194:13-49
	android:windowSoftInputMode
		ADDED from src\main\AndroidManifest.xml:195:13-68
	android:name
		ADDED from src\main\AndroidManifest.xml:193:13-70
provider#cn.redcdn.hvs.im.provider.HVSProvider
ADDED from src\main\AndroidManifest.xml:197:9-199:68
	android:authorities
		ADDED from src\main\AndroidManifest.xml:199:13-65
	android:name
		ADDED from src\main\AndroidManifest.xml:198:13-52
provider#cn.redcdn.hvs.im.provider.SettingProvider
ADDED from src\main\AndroidManifest.xml:200:9-202:76
	android:authorities
		ADDED from src\main\AndroidManifest.xml:202:13-73
	android:name
		ADDED from src\main\AndroidManifest.xml:201:13-56
activity#cn.redcdn.hvs.util.PopDialogActivity
ADDED from src\main\AndroidManifest.xml:204:9-206:56
	android:theme
		ADDED from src\main\AndroidManifest.xml:206:13-53
	android:name
		ADDED from src\main\AndroidManifest.xml:205:13-51
activity#cn.redcdn.hvs.im.activity.GroupChatDetailActivity
ADDED from src\main\AndroidManifest.xml:207:9-209:52
	android:screenOrientation
		ADDED from src\main\AndroidManifest.xml:209:13-49
	android:name
		ADDED from src\main\AndroidManifest.xml:208:13-64
activity#cn.redcdn.hvs.im.activity.GroupMeetingActivity
ADDED from src\main\AndroidManifest.xml:210:9-212:52
	android:screenOrientation
		ADDED from src\main\AndroidManifest.xml:212:13-49
	android:name
		ADDED from src\main\AndroidManifest.xml:211:13-61
activity#cn.redcdn.hvs.im.activity.SelectLinkManActivity
ADDED from src\main\AndroidManifest.xml:213:9-215:52
	android:screenOrientation
		ADDED from src\main\AndroidManifest.xml:215:13-49
	android:name
		ADDED from src\main\AndroidManifest.xml:214:13-62
activity#cn.redcdn.hvs.im.activity.SelectGroupActivity
ADDED from src\main\AndroidManifest.xml:216:9-218:52
	android:screenOrientation
		ADDED from src\main\AndroidManifest.xml:218:13-49
	android:name
		ADDED from src\main\AndroidManifest.xml:217:13-60
activity#cn.redcdn.hvs.im.activity.MultiBucketChooserActivity
ADDED from src\main\AndroidManifest.xml:219:9-223:52
	android:screenOrientation
		ADDED from src\main\AndroidManifest.xml:223:13-49
	android:label
		ADDED from src\main\AndroidManifest.xml:222:13-45
	android:configChanges
		ADDED from src\main\AndroidManifest.xml:221:13-74
	android:name
		ADDED from src\main\AndroidManifest.xml:220:13-67
activity#cn.redcdn.hvs.im.activity.MultiImageChooserActivity
ADDED from src\main\AndroidManifest.xml:224:9-228:52
	android:screenOrientation
		ADDED from src\main\AndroidManifest.xml:228:13-49
	android:label
		ADDED from src\main\AndroidManifest.xml:227:13-45
	android:configChanges
		ADDED from src\main\AndroidManifest.xml:226:13-74
	android:name
		ADDED from src\main\AndroidManifest.xml:225:13-66
activity#cn.redcdn.hvs.im.activity.UDTMultiImageChooserActivity
ADDED from src\main\AndroidManifest.xml:229:9-233:52
	android:screenOrientation
		ADDED from src\main\AndroidManifest.xml:233:13-49
	android:label
		ADDED from src\main\AndroidManifest.xml:232:13-45
	android:configChanges
		ADDED from src\main\AndroidManifest.xml:231:13-74
	android:name
		ADDED from src\main\AndroidManifest.xml:230:13-69
activity#cn.redcdn.hvs.im.activity.UDTMultiBucketChooserActivity
ADDED from src\main\AndroidManifest.xml:234:9-238:52
	android:screenOrientation
		ADDED from src\main\AndroidManifest.xml:238:13-49
	android:label
		ADDED from src\main\AndroidManifest.xml:237:13-45
	android:configChanges
		ADDED from src\main\AndroidManifest.xml:236:13-74
	android:name
		ADDED from src\main\AndroidManifest.xml:235:13-70
activity#cn.redcdn.hvs.im.activity.UDTMultiChoosePicActivity
ADDED from src\main\AndroidManifest.xml:239:9-243:52
	android:screenOrientation
		ADDED from src\main\AndroidManifest.xml:243:13-49
	android:label
		ADDED from src\main\AndroidManifest.xml:242:13-45
	android:configChanges
		ADDED from src\main\AndroidManifest.xml:241:13-74
	android:name
		ADDED from src\main\AndroidManifest.xml:240:13-66
activity#cn.redcdn.hvs.im.activity.RecordingVideoActivity
ADDED from src\main\AndroidManifest.xml:244:9-248:49
	android:screenOrientation
		ADDED from src\main\AndroidManifest.xml:247:13-49
	android:label
		ADDED from src\main\AndroidManifest.xml:246:13-45
	android:theme
		ADDED from src\main\AndroidManifest.xml:248:13-46
	android:name
		ADDED from src\main\AndroidManifest.xml:245:13-63
activity#cn.redcdn.hvs.im.activity.RecordedVideoActivity
ADDED from src\main\AndroidManifest.xml:249:9-253:57
	android:screenOrientation
		ADDED from src\main\AndroidManifest.xml:252:13-49
	android:label
		ADDED from src\main\AndroidManifest.xml:251:13-45
	android:theme
		ADDED from src\main\AndroidManifest.xml:253:13-54
	android:name
		ADDED from src\main\AndroidManifest.xml:250:13-62